# JRE version: OpenJDK Runtime Environment Temurin-17.0.7+7 (17.0.7+7) (build 17.0.7+7)
# Java VM: OpenJDK 64-Bit Server VM Temurin-17.0.7+7 (17.0.7+7, mixed mode, sharing, tiered, compressed oops, compressed class ptrs, g1 gc, windows-amd64)
GC Precious Log:
 CPUs: 16 total, 16 available
 Memory: 15775M
 Large Page Support: Disabled
 NUMA Support: Disabled
 Compressed Oops: Enabled (Zero based)
 Heap Region Size: 2M
 Heap Min Capacity: 512M
 Heap Initial Capacity: 512M
 Heap Max Capacity: 4072M
 Pre-touch: Disabled
 Parallel Workers: 13
 Concurrent Workers: 3
 Concurrent Refinement Workers: 13
 Periodic GC: Disabled
 String Deduplication is enabled
Heap:
 garbage-first heap   total 524288K, used 98814K [0x0000000701800000, 0x0000000800000000)
  region size 2048K, 12 young (24576K), 1 survivors (2048K)
 Metaspace       used 84811K, committed 85952K, reserved 1179648K
  class space    used 11284K, committed 11776K, reserved 1048576K
GC Heap History (20 events):
Event: 5828.446 GC heap before
{Heap before GC invocations=353 (full 5):
 garbage-first heap   total 524288K, used 157275K [0x0000000701800000, 0x0000000800000000)
  region size 2048K, 40 young (81920K), 2 survivors (4096K)
 Metaspace       used 84799K, committed 85952K, reserved 1179648K
  class space    used 11284K, committed 11776K, reserved 1048576K
}
Event: 5828.448 GC heap after
{Heap after GC invocations=354 (full 5):
 garbage-first heap   total 524288K, used 78692K [0x0000000701800000, 0x0000000800000000)
  region size 2048K, 1 young (2048K), 1 survivors (2048K)
 Metaspace       used 84799K, committed 85952K, reserved 1179648K
  class space    used 11284K, committed 11776K, reserved 1048576K
}
Event: 5857.775 GC heap before
{Heap before GC invocations=354 (full 5):
 garbage-first heap   total 524288K, used 158564K [0x0000000701800000, 0x0000000800000000)
  region size 2048K, 40 young (81920K), 1 survivors (2048K)
 Metaspace       used 84802K, committed 85952K, reserved 1179648K
  class space    used 11284K, committed 11776K, reserved 1048576K
}
Event: 5857.777 GC heap after
{Heap after GC invocations=355 (full 5):
 garbage-first heap   total 524288K, used 79251K [0x0000000701800000, 0x0000000800000000)
  region size 2048K, 2 young (4096K), 2 survivors (4096K)
 Metaspace       used 84802K, committed 85952K, reserved 1179648K
  class space    used 11284K, committed 11776K, reserved 1048576K
}
Event: 5859.764 GC heap before
{Heap before GC invocations=355 (full 5):
 garbage-first heap   total 524288K, used 157075K [0x0000000701800000, 0x0000000800000000)
  region size 2048K, 40 young (81920K), 2 survivors (4096K)
 Metaspace       used 84803K, committed 85952K, reserved 1179648K
  class space    used 11284K, committed 11776K, reserved 1048576K
}
Event: 5859.766 GC heap after
{Heap after GC invocations=356 (full 5):
 garbage-first heap   total 524288K, used 79327K [0x0000000701800000, 0x0000000800000000)
  region size 2048K, 2 young (4096K), 2 survivors (4096K)
 Metaspace       used 84803K, committed 85952K, reserved 1179648K
  class space    used 11284K, committed 11776K, reserved 1048576K
}
Event: 5866.772 GC heap before
{Heap before GC invocations=356 (full 5):
 garbage-first heap   total 524288K, used 157151K [0x0000000701800000, 0x0000000800000000)
  region size 2048K, 40 young (81920K), 2 survivors (4096K)
 Metaspace       used 84807K, committed 85952K, reserved 1179648K
  class space    used 11284K, committed 11776K, reserved 1048576K
}
Event: 5866.774 GC heap after
{Heap after GC invocations=357 (full 5):
 garbage-first heap   total 524288K, used 78668K [0x0000000701800000, 0x0000000800000000)
  region size 2048K, 1 young (2048K), 1 survivors (2048K)
 Metaspace       used 84807K, committed 85952K, reserved 1179648K
  class space    used 11284K, committed 11776K, reserved 1048576K
}
Event: 5930.976 GC heap before
{Heap before GC invocations=357 (full 5):
 garbage-first heap   total 524288K, used 158540K [0x0000000701800000, 0x0000000800000000)
  region size 2048K, 40 young (81920K), 1 survivors (2048K)
 Metaspace       used 84808K, committed 85952K, reserved 1179648K
  class space    used 11284K, committed 11776K, reserved 1048576K
}
Event: 5930.979 GC heap after
{Heap after GC invocations=358 (full 5):
 garbage-first heap   total 524288K, used 78960K [0x0000000701800000, 0x0000000800000000)
  region size 2048K, 2 young (4096K), 2 survivors (4096K)
 Metaspace       used 84808K, committed 85952K, reserved 1179648K
  class space    used 11284K, committed 11776K, reserved 1048576K
}
Event: 5971.426 GC heap before
{Heap before GC invocations=358 (full 5):
 garbage-first heap   total 524288K, used 156784K [0x0000000701800000, 0x0000000800000000)
  region size 2048K, 40 young (81920K), 2 survivors (4096K)
 Metaspace       used 84808K, committed 85952K, reserved 1179648K
  class space    used 11284K, committed 11776K, reserved 1048576K
}
Event: 5971.427 GC heap after
{Heap after GC invocations=359 (full 5):
 garbage-first heap   total 524288K, used 78745K [0x0000000701800000, 0x0000000800000000)
  region size 2048K, 1 young (2048K), 1 survivors (2048K)
 Metaspace       used 84808K, committed 85952K, reserved 1179648K
  class space    used 11284K, committed 11776K, reserved 1048576K
}
Event: 5997.794 GC heap before
{Heap before GC invocations=359 (full 5):
 garbage-first heap   total 524288K, used 158617K [0x0000000701800000, 0x0000000800000000)
  region size 2048K, 40 young (81920K), 1 survivors (2048K)
 Metaspace       used 84811K, committed 85952K, reserved 1179648K
  class space    used 11284K, committed 11776K, reserved 1048576K
}
Event: 5997.796 GC heap after
{Heap after GC invocations=360 (full 5):
 garbage-first heap   total 524288K, used 78764K [0x0000000701800000, 0x0000000800000000)
  region size 2048K, 1 young (2048K), 1 survivors (2048K)
 Metaspace       used 84811K, committed 85952K, reserved 1179648K
  class space    used 11284K, committed 11776K, reserved 1048576K
}
Event: 6021.394 GC heap before
{Heap before GC invocations=360 (full 5):
 garbage-first heap   total 524288K, used 158636K [0x0000000701800000, 0x0000000800000000)
  region size 2048K, 40 young (81920K), 1 survivors (2048K)
 Metaspace       used 84811K, committed 85952K, reserved 1179648K
  class space    used 11284K, committed 11776K, reserved 1048576K
}
Event: 6021.396 GC heap after
{Heap after GC invocations=361 (full 5):
 garbage-first heap   total 524288K, used 78738K [0x0000000701800000, 0x0000000800000000)
  region size 2048K, 1 young (2048K), 1 survivors (2048K)
 Metaspace       used 84811K, committed 85952K, reserved 1179648K
  class space    used 11284K, committed 11776K, reserved 1048576K
}
Event: 6058.595 GC heap before
{Heap before GC invocations=361 (full 5):
 garbage-first heap   total 524288K, used 158610K [0x0000000701800000, 0x0000000800000000)
  region size 2048K, 40 young (81920K), 1 survivors (2048K)
 Metaspace       used 84811K, committed 85952K, reserved 1179648K
  class space    used 11284K, committed 11776K, reserved 1048576K
}
Event: 6058.597 GC heap after
{Heap after GC invocations=362 (full 5):
 garbage-first heap   total 524288K, used 78826K [0x0000000701800000, 0x0000000800000000)
  region size 2048K, 1 young (2048K), 1 survivors (2048K)
 Metaspace       used 84811K, committed 85952K, reserved 1179648K
  class space    used 11284K, committed 11776K, reserved 1048576K
}
Event: 6061.015 GC heap before
{Heap before GC invocations=362 (full 5):
 garbage-first heap   total 524288K, used 158698K [0x0000000701800000, 0x0000000800000000)
  region size 2048K, 40 young (81920K), 1 survivors (2048K)
 Metaspace       used 84811K, committed 85952K, reserved 1179648K
  class space    used 11284K, committed 11776K, reserved 1048576K
}
Event: 6061.016 GC heap after
{Heap after GC invocations=363 (full 5):
 garbage-first heap   total 524288K, used 78334K [0x0000000701800000, 0x0000000800000000)
  region size 2048K, 1 young (2048K), 1 survivors (2048K)
 Metaspace       used 84811K, committed 85952K, reserved 1179648K
  class space    used 11284K, committed 11776K, reserved 1048576K
}

