# JRE version: OpenJDK Runtime Environment Temurin-17.0.7+7 (17.0.7+7) (build 17.0.7+7)
# Java VM: OpenJDK 64-Bit Server VM Temurin-17.0.7+7 (17.0.7+7, mixed mode, sharing, tiered, compressed oops, compressed class ptrs, g1 gc, windows-amd64)
GC Precious Log:
 CPUs: 16 total, 16 available
 Memory: 15775M
 Large Page Support: Disabled
 NUMA Support: Disabled
 Compressed Oops: Enabled (Zero based)
 Heap Region Size: 2M
 Heap Min Capacity: 512M
 Heap Initial Capacity: 512M
 Heap Max Capacity: 4072M
 Pre-touch: Disabled
 Parallel Workers: 13
 Concurrent Workers: 3
 Concurrent Refinement Workers: 13
 Periodic GC: Disabled
 String Deduplication is enabled
Heap:
 garbage-first heap   total 524288K, used 143251K [0x0000000701800000, 0x0000000800000000)
  region size 2048K, 24 young (49152K), 2 survivors (4096K)
 Metaspace       used 86753K, committed 87488K, reserved 1179648K
  class space    used 11882K, committed 12224K, reserved 1048576K
GC Heap History (20 events):
Event: 760.455 GC heap before
{Heap before GC invocations=96 (full 1):
 garbage-first heap   total 524288K, used 177184K [0x0000000701800000, 0x0000000800000000)
  region size 2048K, 40 young (81920K), 2 survivors (4096K)
 Metaspace       used 86634K, committed 87360K, reserved 1179648K
  class space    used 11880K, committed 12224K, reserved 1048576K
}
Event: 760.457 GC heap after
{Heap after GC invocations=97 (full 1):
 garbage-first heap   total 524288K, used 99460K [0x0000000701800000, 0x0000000800000000)
  region size 2048K, 2 young (4096K), 2 survivors (4096K)
 Metaspace       used 86634K, committed 87360K, reserved 1179648K
  class space    used 11880K, committed 12224K, reserved 1048576K
}
Event: 763.989 GC heap before
{Heap before GC invocations=97 (full 1):
 garbage-first heap   total 524288K, used 177284K [0x0000000701800000, 0x0000000800000000)
  region size 2048K, 40 young (81920K), 2 survivors (4096K)
 Metaspace       used 86638K, committed 87360K, reserved 1179648K
  class space    used 11880K, committed 12224K, reserved 1048576K
}
Event: 763.991 GC heap after
{Heap after GC invocations=98 (full 1):
 garbage-first heap   total 524288K, used 99429K [0x0000000701800000, 0x0000000800000000)
  region size 2048K, 2 young (4096K), 2 survivors (4096K)
 Metaspace       used 86638K, committed 87360K, reserved 1179648K
  class space    used 11880K, committed 12224K, reserved 1048576K
}
Event: 769.257 GC heap before
{Heap before GC invocations=98 (full 1):
 garbage-first heap   total 524288K, used 177253K [0x0000000701800000, 0x0000000800000000)
  region size 2048K, 40 young (81920K), 2 survivors (4096K)
 Metaspace       used 86664K, committed 87360K, reserved 1179648K
  class space    used 11880K, committed 12224K, reserved 1048576K
}
Event: 769.259 GC heap after
{Heap after GC invocations=99 (full 1):
 garbage-first heap   total 524288K, used 99843K [0x0000000701800000, 0x0000000800000000)
  region size 2048K, 2 young (4096K), 2 survivors (4096K)
 Metaspace       used 86664K, committed 87360K, reserved 1179648K
  class space    used 11880K, committed 12224K, reserved 1048576K
}
Event: 775.479 GC heap before
{Heap before GC invocations=99 (full 1):
 garbage-first heap   total 524288K, used 177667K [0x0000000701800000, 0x0000000800000000)
  region size 2048K, 40 young (81920K), 2 survivors (4096K)
 Metaspace       used 86680K, committed 87360K, reserved 1179648K
  class space    used 11880K, committed 12224K, reserved 1048576K
}
Event: 775.481 GC heap after
{Heap after GC invocations=100 (full 1):
 garbage-first heap   total 524288K, used 101230K [0x0000000701800000, 0x0000000800000000)
  region size 2048K, 3 young (6144K), 3 survivors (6144K)
 Metaspace       used 86680K, committed 87360K, reserved 1179648K
  class space    used 11880K, committed 12224K, reserved 1048576K
}
Event: 776.942 GC heap before
{Heap before GC invocations=100 (full 1):
 garbage-first heap   total 524288K, used 177006K [0x0000000701800000, 0x0000000800000000)
  region size 2048K, 40 young (81920K), 3 survivors (6144K)
 Metaspace       used 86683K, committed 87360K, reserved 1179648K
  class space    used 11880K, committed 12224K, reserved 1048576K
}
Event: 776.944 GC heap after
{Heap after GC invocations=101 (full 1):
 garbage-first heap   total 524288K, used 100336K [0x0000000701800000, 0x0000000800000000)
  region size 2048K, 2 young (4096K), 2 survivors (4096K)
 Metaspace       used 86683K, committed 87360K, reserved 1179648K
  class space    used 11880K, committed 12224K, reserved 1048576K
}
Event: 777.454 GC heap before
{Heap before GC invocations=101 (full 1):
 garbage-first heap   total 524288K, used 178160K [0x0000000701800000, 0x0000000800000000)
  region size 2048K, 40 young (81920K), 2 survivors (4096K)
 Metaspace       used 86688K, committed 87360K, reserved 1179648K
  class space    used 11880K, committed 12224K, reserved 1048576K
}
Event: 777.456 GC heap after
{Heap after GC invocations=102 (full 1):
 garbage-first heap   total 524288K, used 100332K [0x0000000701800000, 0x0000000800000000)
  region size 2048K, 2 young (4096K), 2 survivors (4096K)
 Metaspace       used 86688K, committed 87360K, reserved 1179648K
  class space    used 11880K, committed 12224K, reserved 1048576K
}
Event: 781.653 GC heap before
{Heap before GC invocations=102 (full 1):
 garbage-first heap   total 524288K, used 178156K [0x0000000701800000, 0x0000000800000000)
  region size 2048K, 40 young (81920K), 2 survivors (4096K)
 Metaspace       used 86705K, committed 87360K, reserved 1179648K
  class space    used 11880K, committed 12224K, reserved 1048576K
}
Event: 781.655 GC heap after
{Heap after GC invocations=103 (full 1):
 garbage-first heap   total 524288K, used 101872K [0x0000000701800000, 0x0000000800000000)
  region size 2048K, 3 young (6144K), 3 survivors (6144K)
 Metaspace       used 86705K, committed 87360K, reserved 1179648K
  class space    used 11880K, committed 12224K, reserved 1048576K
}
Event: 784.789 GC heap before
{Heap before GC invocations=103 (full 1):
 garbage-first heap   total 524288K, used 177648K [0x0000000701800000, 0x0000000800000000)
  region size 2048K, 40 young (81920K), 3 survivors (6144K)
 Metaspace       used 86732K, committed 87424K, reserved 1179648K
  class space    used 11882K, committed 12224K, reserved 1048576K
}
Event: 784.791 GC heap after
{Heap after GC invocations=104 (full 1):
 garbage-first heap   total 524288K, used 101325K [0x0000000701800000, 0x0000000800000000)
  region size 2048K, 2 young (4096K), 2 survivors (4096K)
 Metaspace       used 86732K, committed 87424K, reserved 1179648K
  class space    used 11882K, committed 12224K, reserved 1048576K
}
Event: 791.249 GC heap before
{Heap before GC invocations=104 (full 1):
 garbage-first heap   total 524288K, used 179149K [0x0000000701800000, 0x0000000800000000)
  region size 2048K, 40 young (81920K), 2 survivors (4096K)
 Metaspace       used 86733K, committed 87424K, reserved 1179648K
  class space    used 11882K, committed 12224K, reserved 1048576K
}
Event: 791.250 GC heap after
{Heap after GC invocations=105 (full 1):
 garbage-first heap   total 524288K, used 99655K [0x0000000701800000, 0x0000000800000000)
  region size 2048K, 1 young (2048K), 1 survivors (2048K)
 Metaspace       used 86733K, committed 87424K, reserved 1179648K
  class space    used 11882K, committed 12224K, reserved 1048576K
}
Event: 815.349 GC heap before
{Heap before GC invocations=105 (full 1):
 garbage-first heap   total 524288K, used 179527K [0x0000000701800000, 0x0000000800000000)
  region size 2048K, 40 young (81920K), 1 survivors (2048K)
 Metaspace       used 86749K, committed 87424K, reserved 1179648K
  class space    used 11882K, committed 12224K, reserved 1048576K
}
Event: 815.351 GC heap after
{Heap after GC invocations=106 (full 1):
 garbage-first heap   total 524288K, used 100243K [0x0000000701800000, 0x0000000800000000)
  region size 2048K, 2 young (4096K), 2 survivors (4096K)
 Metaspace       used 86749K, committed 87424K, reserved 1179648K
  class space    used 11882K, committed 12224K, reserved 1048576K
}

