# JRE version: OpenJDK Runtime Environment Temurin-17.0.7+7 (17.0.7+7) (build 17.0.7+7)
# Java VM: OpenJDK 64-Bit Server VM Temurin-17.0.7+7 (17.0.7+7, mixed mode, sharing, tiered, compressed oops, compressed class ptrs, g1 gc, windows-amd64)
GC Precious Log:
 CPUs: 16 total, 16 available
 Memory: 15775M
 Large Page Support: Disabled
 NUMA Support: Disabled
 Compressed Oops: Enabled (Zero based)
 Heap Region Size: 2M
 Heap Min Capacity: 512M
 Heap Initial Capacity: 512M
 Heap Max Capacity: 4072M
 Pre-touch: Disabled
 Parallel Workers: 13
 Concurrent Workers: 3
 Concurrent Refinement Workers: 13
 Periodic GC: Disabled
 String Deduplication is enabled
Heap:
 garbage-first heap   total 524288K, used 169892K [0x0000000701800000, 0x0000000800000000)
  region size 2048K, 22 young (45056K), 3 survivors (6144K)
 Metaspace       used 100404K, committed 101056K, reserved 1179648K
  class space    used 13923K, committed 14336K, reserved 1048576K
GC Heap History (20 events):
Event: 7254.252 GC heap before
{Heap before GC invocations=605 (full 186):
 garbage-first heap   total 524288K, used 208918K [0x0000000701800000, 0x0000000800000000)
  region size 2048K, 40 young (81920K), 1 survivors (2048K)
 Metaspace       used 99421K, committed 100096K, reserved 1179648K
  class space    used 13604K, committed 14016K, reserved 1048576K
}
Event: 7254.254 GC heap after
{Heap after GC invocations=606 (full 186):
 garbage-first heap   total 524288K, used 128966K [0x0000000701800000, 0x0000000800000000)
  region size 2048K, 1 young (2048K), 1 survivors (2048K)
 Metaspace       used 99421K, committed 100096K, reserved 1179648K
  class space    used 13604K, committed 14016K, reserved 1048576K
}
Event: 7257.691 GC heap before
{Heap before GC invocations=606 (full 186):
 garbage-first heap   total 524288K, used 208838K [0x0000000701800000, 0x0000000800000000)
  region size 2048K, 40 young (81920K), 1 survivors (2048K)
 Metaspace       used 99421K, committed 100096K, reserved 1179648K
  class space    used 13604K, committed 14016K, reserved 1048576K
}
Event: 7257.692 GC heap after
{Heap after GC invocations=607 (full 186):
 garbage-first heap   total 524288K, used 129005K [0x0000000701800000, 0x0000000800000000)
  region size 2048K, 1 young (2048K), 1 survivors (2048K)
 Metaspace       used 99421K, committed 100096K, reserved 1179648K
  class space    used 13604K, committed 14016K, reserved 1048576K
}
Event: 7278.946 GC heap before
{Heap before GC invocations=607 (full 186):
 garbage-first heap   total 524288K, used 208877K [0x0000000701800000, 0x0000000800000000)
  region size 2048K, 40 young (81920K), 1 survivors (2048K)
 Metaspace       used 100152K, committed 100864K, reserved 1179648K
  class space    used 13856K, committed 14272K, reserved 1048576K
}
Event: 7278.948 GC heap after
{Heap after GC invocations=608 (full 186):
 garbage-first heap   total 524288K, used 130459K [0x0000000701800000, 0x0000000800000000)
  region size 2048K, 1 young (2048K), 1 survivors (2048K)
 Metaspace       used 100152K, committed 100864K, reserved 1179648K
  class space    used 13856K, committed 14272K, reserved 1048576K
}
Event: 7282.791 GC heap before
{Heap before GC invocations=608 (full 186):
 garbage-first heap   total 524288K, used 210331K [0x0000000701800000, 0x0000000800000000)
  region size 2048K, 40 young (81920K), 1 survivors (2048K)
 Metaspace       used 100354K, committed 101056K, reserved 1179648K
  class space    used 13923K, committed 14336K, reserved 1048576K
}
Event: 7282.793 GC heap after
{Heap after GC invocations=609 (full 186):
 garbage-first heap   total 524288K, used 131277K [0x0000000701800000, 0x0000000800000000)
  region size 2048K, 2 young (4096K), 2 survivors (4096K)
 Metaspace       used 100354K, committed 101056K, reserved 1179648K
  class space    used 13923K, committed 14336K, reserved 1048576K
}
Event: 7284.738 GC heap before
{Heap before GC invocations=609 (full 186):
 garbage-first heap   total 524288K, used 209101K [0x0000000701800000, 0x0000000800000000)
  region size 2048K, 40 young (81920K), 2 survivors (4096K)
 Metaspace       used 100354K, committed 101056K, reserved 1179648K
  class space    used 13923K, committed 14336K, reserved 1048576K
}
Event: 7284.740 GC heap after
{Heap after GC invocations=610 (full 186):
 garbage-first heap   total 524288K, used 131990K [0x0000000701800000, 0x0000000800000000)
  region size 2048K, 2 young (4096K), 2 survivors (4096K)
 Metaspace       used 100354K, committed 101056K, reserved 1179648K
  class space    used 13923K, committed 14336K, reserved 1048576K
}
Event: 7285.731 GC heap before
{Heap before GC invocations=610 (full 186):
 garbage-first heap   total 524288K, used 209814K [0x0000000701800000, 0x0000000800000000)
  region size 2048K, 40 young (81920K), 2 survivors (4096K)
 Metaspace       used 100363K, committed 101056K, reserved 1179648K
  class space    used 13923K, committed 14336K, reserved 1048576K
}
Event: 7285.733 GC heap after
{Heap after GC invocations=611 (full 186):
 garbage-first heap   total 524288K, used 131637K [0x0000000701800000, 0x0000000800000000)
  region size 2048K, 2 young (4096K), 2 survivors (4096K)
 Metaspace       used 100363K, committed 101056K, reserved 1179648K
  class space    used 13923K, committed 14336K, reserved 1048576K
}
Event: 7288.730 GC heap before
{Heap before GC invocations=611 (full 186):
 garbage-first heap   total 524288K, used 209461K [0x0000000701800000, 0x0000000800000000)
  region size 2048K, 40 young (81920K), 2 survivors (4096K)
 Metaspace       used 100363K, committed 101056K, reserved 1179648K
  class space    used 13923K, committed 14336K, reserved 1048576K
}
Event: 7288.732 GC heap after
{Heap after GC invocations=612 (full 186):
 garbage-first heap   total 524288K, used 132254K [0x0000000701800000, 0x0000000800000000)
  region size 2048K, 2 young (4096K), 2 survivors (4096K)
 Metaspace       used 100363K, committed 101056K, reserved 1179648K
  class space    used 13923K, committed 14336K, reserved 1048576K
}
Event: 7289.881 GC heap before
{Heap before GC invocations=612 (full 186):
 garbage-first heap   total 524288K, used 210078K [0x0000000701800000, 0x0000000800000000)
  region size 2048K, 40 young (81920K), 2 survivors (4096K)
 Metaspace       used 100365K, committed 101056K, reserved 1179648K
  class space    used 13923K, committed 14336K, reserved 1048576K
}
Event: 7289.883 GC heap after
{Heap after GC invocations=613 (full 186):
 garbage-first heap   total 524288K, used 132222K [0x0000000701800000, 0x0000000800000000)
  region size 2048K, 2 young (4096K), 2 survivors (4096K)
 Metaspace       used 100365K, committed 101056K, reserved 1179648K
  class space    used 13923K, committed 14336K, reserved 1048576K
}
Event: 7312.749 GC heap before
{Heap before GC invocations=613 (full 186):
 garbage-first heap   total 524288K, used 207998K [0x0000000701800000, 0x0000000800000000)
  region size 2048K, 40 young (81920K), 2 survivors (4096K)
 Metaspace       used 100403K, committed 101056K, reserved 1179648K
  class space    used 13923K, committed 14336K, reserved 1048576K
}
Event: 7312.751 GC heap after
{Heap after GC invocations=614 (full 186):
 garbage-first heap   total 524288K, used 132414K [0x0000000701800000, 0x0000000800000000)
  region size 2048K, 2 young (4096K), 2 survivors (4096K)
 Metaspace       used 100403K, committed 101056K, reserved 1179648K
  class space    used 13923K, committed 14336K, reserved 1048576K
}
Event: 7314.752 GC heap before
{Heap before GC invocations=614 (full 186):
 garbage-first heap   total 524288K, used 210238K [0x0000000701800000, 0x0000000800000000)
  region size 2048K, 40 young (81920K), 2 survivors (4096K)
 Metaspace       used 100403K, committed 101056K, reserved 1179648K
  class space    used 13923K, committed 14336K, reserved 1048576K
}
Event: 7314.754 GC heap after
{Heap after GC invocations=615 (full 186):
 garbage-first heap   total 524288K, used 133028K [0x0000000701800000, 0x0000000800000000)
  region size 2048K, 3 young (6144K), 3 survivors (6144K)
 Metaspace       used 100403K, committed 101056K, reserved 1179648K
  class space    used 13923K, committed 14336K, reserved 1048576K
}

